Analysis & Synthesis report for SingleCycle
Thu Oct 21 03:45:32 2010
Quartus II Version 9.1 Build 350 03/24/2010 Service Pack 2 SJ Web Edition


---------------------
; Table of Contents ;
---------------------
  1. Legal Notice
  2. Analysis & Synthesis Summary
  3. Analysis & Synthesis Settings
  4. Parallel Compilation
  5. Analysis & Synthesis Source Files Read
  6. Analysis & Synthesis Resource Usage Summary
  7. Analysis & Synthesis Resource Utilization by Entity
  8. User-Specified and Inferred Latches
  9. General Register Statistics
 10. Analysis & Synthesis Messages



----------------
; Legal Notice ;
----------------
Copyright (C) 1991-2010 Altera Corporation
Your use of Altera Corporation's design tools, logic functions 
and other software and tools, and its AMPP partner logic 
functions, and any output files from any of the foregoing 
(including device programming or simulation files), and any 
associated documentation or information are expressly subject 
to the terms and conditions of the Altera Program License 
Subscription Agreement, Altera MegaCore Function License 
Agreement, or other applicable license agreement, including, 
without limitation, that your use is for the sole purpose of 
programming logic devices manufactured by Altera and sold by 
Altera or its authorized distributors.  Please refer to the 
applicable agreement for further details.



+-----------------------------------------------------------------------------------+
; Analysis & Synthesis Summary                                                      ;
+------------------------------------+----------------------------------------------+
; Analysis & Synthesis Status        ; Successful - Thu Oct 21 03:45:32 2010        ;
; Quartus II Version                 ; 9.1 Build 350 03/24/2010 SP 2 SJ Web Edition ;
; Revision Name                      ; SingleCycle                                  ;
; Top-level Entity Name              ; SCControlJ2                                  ;
; Family                             ; Cyclone II                                   ;
; Total logic elements               ; 69                                           ;
;     Total combinational functions  ; 69                                           ;
;     Dedicated logic registers      ; 0                                            ;
; Total registers                    ; 0                                            ;
; Total pins                         ; 31                                           ;
; Total virtual pins                 ; 0                                            ;
; Total memory bits                  ; 0                                            ;
; Embedded Multiplier 9-bit elements ; 0                                            ;
; Total PLLs                         ; 0                                            ;
+------------------------------------+----------------------------------------------+


+----------------------------------------------------------------------------------------------------------------------+
; Analysis & Synthesis Settings                                                                                        ;
+----------------------------------------------------------------------------+--------------------+--------------------+
; Option                                                                     ; Setting            ; Default Value      ;
+----------------------------------------------------------------------------+--------------------+--------------------+
; Device                                                                     ; EP2C35F672C6       ;                    ;
; Top-level entity name                                                      ; SCControlJ2        ; SingleCycle        ;
; Family name                                                                ; Cyclone II         ; Stratix II         ;
; Use Generated Physical Constraints File                                    ; Off                ;                    ;
; Use smart compilation                                                      ; Off                ; Off                ;
; Enable parallel Assembler and TimeQuest Timing Analyzer during compilation ; On                 ; On                 ;
; Enable compact report table                                                ; Off                ; Off                ;
; Restructure Multiplexers                                                   ; Auto               ; Auto               ;
; Create Debugging Nodes for IP Cores                                        ; Off                ; Off                ;
; Preserve fewer node names                                                  ; On                 ; On                 ;
; Disable OpenCore Plus hardware evaluation                                  ; Off                ; Off                ;
; Verilog Version                                                            ; Verilog_2001       ; Verilog_2001       ;
; VHDL Version                                                               ; VHDL_1993          ; VHDL_1993          ;
; State Machine Processing                                                   ; Auto               ; Auto               ;
; Safe State Machine                                                         ; Off                ; Off                ;
; Extract Verilog State Machines                                             ; On                 ; On                 ;
; Extract VHDL State Machines                                                ; On                 ; On                 ;
; Ignore Verilog initial constructs                                          ; Off                ; Off                ;
; Iteration limit for constant Verilog loops                                 ; 5000               ; 5000               ;
; Iteration limit for non-constant Verilog loops                             ; 250                ; 250                ;
; Add Pass-Through Logic to Inferred RAMs                                    ; On                 ; On                 ;
; Parallel Synthesis                                                         ; Off                ; Off                ;
; DSP Block Balancing                                                        ; Auto               ; Auto               ;
; NOT Gate Push-Back                                                         ; On                 ; On                 ;
; Power-Up Don't Care                                                        ; On                 ; On                 ;
; Remove Redundant Logic Cells                                               ; Off                ; Off                ;
; Remove Duplicate Registers                                                 ; On                 ; On                 ;
; Ignore CARRY Buffers                                                       ; Off                ; Off                ;
; Ignore CASCADE Buffers                                                     ; Off                ; Off                ;
; Ignore GLOBAL Buffers                                                      ; Off                ; Off                ;
; Ignore ROW GLOBAL Buffers                                                  ; Off                ; Off                ;
; Ignore LCELL Buffers                                                       ; Off                ; Off                ;
; Ignore SOFT Buffers                                                        ; On                 ; On                 ;
; Limit AHDL Integers to 32 Bits                                             ; Off                ; Off                ;
; Optimization Technique                                                     ; Balanced           ; Balanced           ;
; Carry Chain Length                                                         ; 70                 ; 70                 ;
; Auto Carry Chains                                                          ; On                 ; On                 ;
; Auto Open-Drain Pins                                                       ; On                 ; On                 ;
; Perform WYSIWYG Primitive Resynthesis                                      ; Off                ; Off                ;
; Auto ROM Replacement                                                       ; On                 ; On                 ;
; Auto RAM Replacement                                                       ; On                 ; On                 ;
; Auto Shift Register Replacement                                            ; Auto               ; Auto               ;
; Auto Clock Enable Replacement                                              ; On                 ; On                 ;
; Strict RAM Replacement                                                     ; Off                ; Off                ;
; Allow Synchronous Control Signals                                          ; On                 ; On                 ;
; Force Use of Synchronous Clear Signals                                     ; Off                ; Off                ;
; Auto RAM to Logic Cell Conversion                                          ; Off                ; Off                ;
; Auto Resource Sharing                                                      ; Off                ; Off                ;
; Allow Any RAM Size For Recognition                                         ; Off                ; Off                ;
; Allow Any ROM Size For Recognition                                         ; Off                ; Off                ;
; Allow Any Shift Register Size For Recognition                              ; Off                ; Off                ;
; Use LogicLock Constraints during Resource Balancing                        ; On                 ; On                 ;
; Ignore translate_off and synthesis_off directives                          ; Off                ; Off                ;
; Timing-Driven Synthesis                                                    ; Off                ; Off                ;
; Show Parameter Settings Tables in Synthesis Report                         ; On                 ; On                 ;
; Ignore Maximum Fan-Out Assignments                                         ; Off                ; Off                ;
; Synchronization Register Chain Length                                      ; 2                  ; 2                  ;
; PowerPlay Power Optimization                                               ; Normal compilation ; Normal compilation ;
; HDL message level                                                          ; Level2             ; Level2             ;
; Suppress Register Optimization Related Messages                            ; Off                ; Off                ;
; Number of Removed Registers Reported in Synthesis Report                   ; 5000               ; 5000               ;
; Number of Inverted Registers Reported in Synthesis Report                  ; 100                ; 100                ;
; Clock MUX Protection                                                       ; On                 ; On                 ;
; Auto Gated Clock Conversion                                                ; Off                ; Off                ;
; Block Design Naming                                                        ; Auto               ; Auto               ;
; SDC constraint protection                                                  ; Off                ; Off                ;
; Synthesis Effort                                                           ; Auto               ; Auto               ;
; Shift Register Replacement - Allow Asynchronous Clear Signal               ; On                 ; On                 ;
; Analysis & Synthesis Message Level                                         ; Medium             ; Medium             ;
; Disable Register Merging Across Hierarchies                                ; Auto               ; Auto               ;
; Resource Aware Inference For Block RAM                                     ; On                 ; On                 ;
+----------------------------------------------------------------------------+--------------------+--------------------+


Parallel compilation was disabled, but you have multiple processors available. Enable parallel compilation to reduce compilation time.
+-------------------------------------+
; Parallel Compilation                ;
+----------------------------+--------+
; Processors                 ; Number ;
+----------------------------+--------+
; Number detected on machine ; 2      ;
; Maximum allowed            ; 1      ;
+----------------------------+--------+


+------------------------------------------------------------------------------------------------------------+
; Analysis & Synthesis Source Files Read                                                                     ;
+----------------------------------+-----------------+------------------------+------------------------------+
; File Name with User-Entered Path ; Used in Netlist ; File Type              ; File Name with Absolute Path ;
+----------------------------------+-----------------+------------------------+------------------------------+
; SCControlJ2.v                    ; yes             ; User Verilog HDL File  ; D:/Project1/SCControlJ2.v    ;
+----------------------------------+-----------------+------------------------+------------------------------+


+---------------------------------------------------------+
; Analysis & Synthesis Resource Usage Summary             ;
+---------------------------------------------+-----------+
; Resource                                    ; Usage     ;
+---------------------------------------------+-----------+
; Estimated Total logic elements              ; 69        ;
;                                             ;           ;
; Total combinational functions               ; 69        ;
; Logic element usage by number of LUT inputs ;           ;
;     -- 4 input functions                    ; 47        ;
;     -- 3 input functions                    ; 18        ;
;     -- <=2 input functions                  ; 4         ;
;                                             ;           ;
; Logic elements by mode                      ;           ;
;     -- normal mode                          ; 69        ;
;     -- arithmetic mode                      ; 0         ;
;                                             ;           ;
; Total registers                             ; 0         ;
;     -- Dedicated logic registers            ; 0         ;
;     -- I/O registers                        ; 0         ;
;                                             ;           ;
; I/O pins                                    ; 31        ;
; Maximum fan-out node                        ; opcode[2] ;
; Maximum fan-out                             ; 18        ;
; Total fan-out                               ; 261       ;
; Average fan-out                             ; 2.61      ;
+---------------------------------------------+-----------+


+-----------------------------------------------------------------------------------------------------------------------------------------------------------------------------+
; Analysis & Synthesis Resource Utilization by Entity                                                                                                                         ;
+----------------------------+-------------------+--------------+-------------+--------------+---------+-----------+------+--------------+---------------------+--------------+
; Compilation Hierarchy Node ; LC Combinationals ; LC Registers ; Memory Bits ; DSP Elements ; DSP 9x9 ; DSP 18x18 ; Pins ; Virtual Pins ; Full Hierarchy Name ; Library Name ;
+----------------------------+-------------------+--------------+-------------+--------------+---------+-----------+------+--------------+---------------------+--------------+
; |SCControlJ2               ; 69 (69)           ; 0 (0)        ; 0           ; 0            ; 0       ; 0         ; 31   ; 0            ; |SCControlJ2        ; work         ;
+----------------------------+-------------------+--------------+-------------+--------------+---------+-----------+------+--------------+---------------------+--------------+
Note: For table entries with two numbers listed, the numbers in parentheses indicate the number of resources of the given type used by the specific entity alone. The numbers listed outside of parentheses indicate the total resources of the given type used by the specific entity and all of its sub-entities in the hierarchy.


+----------------------------------------------------------------------------------------------------+
; User-Specified and Inferred Latches                                                                ;
+-----------------------------------------------------+---------------------+------------------------+
; Latch Name                                          ; Latch Enable Signal ; Free of Timing Hazards ;
+-----------------------------------------------------+---------------------+------------------------+
; RegDst$latch                                        ; GND                 ; yes                    ;
; ALUSrc$latch                                        ; always0             ; yes                    ;
; MemtoReg$latch                                      ; always0             ; yes                    ;
; RegWrite$latch                                      ; always0             ; yes                    ;
; MemRead$latch                                       ; always0             ; yes                    ;
; MemWrite$latch                                      ; always0             ; yes                    ;
; PCSrc$latch                                         ; always0             ; yes                    ;
; ALUOp[0]$latch                                      ; ALUOp[3]            ; yes                    ;
; ALUOp[1]$latch                                      ; ALUOp[3]            ; yes                    ;
; ALUOp[2]$latch                                      ; ALUOp[3]            ; yes                    ;
; ALUOp[3]$latch                                      ; ALUOp[3]            ; yes                    ;
; Number of user-specified and inferred latches = 11  ;                     ;                        ;
+-----------------------------------------------------+---------------------+------------------------+
Note: All latches listed above may not be present at the end of synthesis due to various synthesis optimizations.


+------------------------------------------------------+
; General Register Statistics                          ;
+----------------------------------------------+-------+
; Statistic                                    ; Value ;
+----------------------------------------------+-------+
; Total registers                              ; 0     ;
; Number of registers using Synchronous Clear  ; 0     ;
; Number of registers using Synchronous Load   ; 0     ;
; Number of registers using Asynchronous Clear ; 0     ;
; Number of registers using Asynchronous Load  ; 0     ;
; Number of registers using Clock Enable       ; 0     ;
; Number of registers using Preset             ; 0     ;
+----------------------------------------------+-------+


+-------------------------------+
; Analysis & Synthesis Messages ;
+-------------------------------+
Info: *******************************************************************
Info: Running Quartus II Analysis & Synthesis
    Info: Version 9.1 Build 350 03/24/2010 Service Pack 2 SJ Web Edition
    Info: Processing started: Thu Oct 21 03:45:26 2010
Info: Command: quartus_map --read_settings_files=on --write_settings_files=off SingleCycle -c SingleCycle
Info: Found 1 design units, including 1 entities, in source file sccontrolj2.v
    Info: Found entity 1: SCControlJ2
Warning (10227): Verilog HDL Port Declaration warning at SCControlJ2.v(23): data type declaration for "opcode" declares packed dimensions but the port declaration declaration does not
Info (10499): HDL info at SCControlJ2.v(20): see declaration for object "opcode"
Warning (10227): Verilog HDL Port Declaration warning at SCControlJ2.v(24): data type declaration for "shamt" declares packed dimensions but the port declaration declaration does not
Info (10499): HDL info at SCControlJ2.v(20): see declaration for object "shamt"
Warning (10227): Verilog HDL Port Declaration warning at SCControlJ2.v(25): data type declaration for "func" declares packed dimensions but the port declaration declaration does not
Info (10499): HDL info at SCControlJ2.v(20): see declaration for object "func"
Warning (10227): Verilog HDL Port Declaration warning at SCControlJ2.v(27): data type declaration for "ALUOp" declares packed dimensions but the port declaration declaration does not
Info (10499): HDL info at SCControlJ2.v(21): see declaration for object "ALUOp"
Info: Elaborating entity "SCControlJ2" for the top level hierarchy
Warning (10240): Verilog HDL Always Construct warning at SCControlJ2.v(30): inferring latch(es) for variable "RegWrite", which holds its previous value in one or more paths through the always construct
Warning (10240): Verilog HDL Always Construct warning at SCControlJ2.v(30): inferring latch(es) for variable "RegDst", which holds its previous value in one or more paths through the always construct
Warning (10240): Verilog HDL Always Construct warning at SCControlJ2.v(30): inferring latch(es) for variable "ALUSrc", which holds its previous value in one or more paths through the always construct
Warning (10240): Verilog HDL Always Construct warning at SCControlJ2.v(30): inferring latch(es) for variable "MemtoReg", which holds its previous value in one or more paths through the always construct
Warning (10240): Verilog HDL Always Construct warning at SCControlJ2.v(30): inferring latch(es) for variable "MemRead", which holds its previous value in one or more paths through the always construct
Warning (10240): Verilog HDL Always Construct warning at SCControlJ2.v(30): inferring latch(es) for variable "MemWrite", which holds its previous value in one or more paths through the always construct
Warning (10240): Verilog HDL Always Construct warning at SCControlJ2.v(30): inferring latch(es) for variable "PCSrc", which holds its previous value in one or more paths through the always construct
Warning (10240): Verilog HDL Always Construct warning at SCControlJ2.v(30): inferring latch(es) for variable "ALUOp", which holds its previous value in one or more paths through the always construct
Info (10041): Inferred latch for "ALUOp[0]" at SCControlJ2.v(68)
Info (10041): Inferred latch for "ALUOp[1]" at SCControlJ2.v(68)
Info (10041): Inferred latch for "ALUOp[2]" at SCControlJ2.v(68)
Info (10041): Inferred latch for "ALUOp[3]" at SCControlJ2.v(68)
Info (10041): Inferred latch for "PCSrc" at SCControlJ2.v(68)
Info (10041): Inferred latch for "MemWrite" at SCControlJ2.v(68)
Info (10041): Inferred latch for "MemRead" at SCControlJ2.v(68)
Info (10041): Inferred latch for "MemtoReg" at SCControlJ2.v(68)
Info (10041): Inferred latch for "ALUSrc" at SCControlJ2.v(68)
Info (10041): Inferred latch for "RegDst" at SCControlJ2.v(68)
Info (10041): Inferred latch for "RegWrite" at SCControlJ2.v(68)
Warning: Latch ALUSrc$latch has unsafe behavior
    Warning: Ports D and ENA on the latch are fed by the same signal opcode[1]
    Warning: Ports ENA and CLR on the latch are fed by the same signal opcode[1]
Warning: Latch MemtoReg$latch has unsafe behavior
    Warning: Ports D and ENA on the latch are fed by the same signal opcode[1]
    Warning: Ports ENA and CLR on the latch are fed by the same signal opcode[1]
Warning: Latch RegWrite$latch has unsafe behavior
    Warning: Ports D and ENA on the latch are fed by the same signal opcode[1]
Warning: Latch MemRead$latch has unsafe behavior
    Warning: Ports D and ENA on the latch are fed by the same signal opcode[1]
    Warning: Ports ENA and CLR on the latch are fed by the same signal opcode[1]
Warning: Latch MemWrite$latch has unsafe behavior
    Warning: Ports D and ENA on the latch are fed by the same signal opcode[1]
    Warning: Ports ENA and CLR on the latch are fed by the same signal opcode[1]
Warning: Latch PCSrc$latch has unsafe behavior
    Warning: Ports D and ENA on the latch are fed by the same signal opcode[1]
    Warning: Ports ENA and CLR on the latch are fed by the same signal opcode[1]
Warning: Latch ALUOp[0]$latch has unsafe behavior
    Warning: Ports D and ENA on the latch are fed by the same signal opcode[0]
Warning: Latch ALUOp[1]$latch has unsafe behavior
    Warning: Ports D and ENA on the latch are fed by the same signal opcode[0]
Warning: Latch ALUOp[2]$latch has unsafe behavior
    Warning: Ports D and ENA on the latch are fed by the same signal opcode[0]
Warning: Latch ALUOp[3]$latch has unsafe behavior
    Warning: Ports D and ENA on the latch are fed by the same signal opcode[0]
Warning: Ignored assignments for entity "SingleCycle" -- entity does not exist in design
    Warning: Assignment for entity set_global_assignment -name LL_ROOT_REGION ON -entity SingleCycle -section_id "Root Region" was ignored
    Warning: Assignment for entity set_global_assignment -name LL_MEMBER_STATE LOCKED -entity SingleCycle -section_id "Root Region" was ignored
Warning: Design contains 2 input pin(s) that do not drive logic
    Warning (15610): No output dependent on input pin "RESET"
    Warning (15610): No output dependent on input pin "CLOCK"
Info: Implemented 100 device resources after synthesis - the final resource count might be different
    Info: Implemented 20 input pins
    Info: Implemented 11 output pins
    Info: Implemented 69 logic cells
Info: Quartus II Analysis & Synthesis was successful. 0 errors, 43 warnings
    Info: Peak virtual memory: 197 megabytes
    Info: Processing ended: Thu Oct 21 03:45:32 2010
    Info: Elapsed time: 00:00:06
    Info: Total CPU time (on all processors): 00:00:04


